SLF4J: Failed to load class "org.slf4j.impl.StaticLoggerBinder".
SLF4J: Defaulting to no-operation (NOP) logger implementation
SLF4J: See http://www.slf4j.org/codes.html#StaticLoggerBinder for further details.
[INFO] Scanning for projects...
[WARNING] 
[WARNING] Some problems were encountered while building the effective model for ecm:Insurance:war:1.0.0
[WARNING] The expression ${version} is deprecated. Please use ${project.version} instead.
[WARNING] 
[WARNING] It is highly recommended to fix these problems because they threaten the stability of your build.
[WARNING] 
[WARNING] For this reason, future Maven versions might no longer support building such malformed projects.
[WARNING] 
[INFO]                                                                         
[INFO] ------------------------------------------------------------------------
[INFO] Building Insurance 1.0.0
[INFO] ------------------------------------------------------------------------
[INFO] 
[INFO] --- maven-clean-plugin:2.4.1:clean (default-clean) @ Insurance ---
[INFO] Deleting D:\software\xCPDesigner_win32_2.1\xCPDesigner\Applications\Insurance\Insurance\target
[INFO] 
[INFO] --- xcp-validate:1.0.9:run (xcp-validate) @ Insurance ---
[WARNING] resetModelAttributes urn=urn:ecm:com.emc.xcp.artifact.javamodule.category:Artifacts/Java Modules/esm.javamodule and modelUrn=urn:ajwf:com.emc.xcp.artifact.javamodule.category:Artifacts/Java Modules/esm.javamodule.  Resetting modelUrn
[WARNING] resetModelAttributes urn=urn:ecm:com.emc.xcp.artifact.javamodule.category:Artifacts/Java Modules/esm.javamodule and modelUrn=urn:ajwf:com.emc.xcp.artifact.javamodule.category:Artifacts/Java Modules/esm.javamodule.  Resetting modelUrn
[WARNING] resetModelAttributes urn=urn:ecm:com.emc.xcp.artifact.javamodule.category:Artifacts/Java Modules/GetFilesForContentDelivery.javamodule and modelUrn=urn:ajwf:com.emc.xcp.artifact.javamodule.category:Artifacts/Java Modules/GetFilesForContentDelivery.javamodule.  Resetting modelUrn
[WARNING] resetModelAttributes urn=urn:ecm:com.emc.xcp.artifact.javamodule.category:Artifacts/Java Modules/GetFilesForContentDelivery.javamodule and modelUrn=urn:ajwf:com.emc.xcp.artifact.javamodule.category:Artifacts/Java Modules/GetFilesForContentDelivery.javamodule.  Resetting modelUrn
[INFO] Data Service instance 'Delete Policy' in ActionInstanceContainer 'Context Menu' is without invocation object
[WARNING] resetModelAttributes urn=urn:ecm:com.emc.xcp.artifact.javamodule.category:Artifacts/Java Modules/esm.javamodule and modelUrn=urn:ajwf:com.emc.xcp.artifact.javamodule.category:Artifacts/Java Modules/esm.javamodule.  Resetting modelUrn
[WARNING] resetModelAttributes urn=urn:ecm:com.emc.xcp.artifact.javamodule.category:Artifacts/Java Modules/esm.javamodule and modelUrn=urn:ajwf:com.emc.xcp.artifact.javamodule.category:Artifacts/Java Modules/esm.javamodule.  Resetting modelUrn
[WARNING] resetModelAttributes urn=urn:ecm:com.emc.xcp.artifact.javamodule.category:Artifacts/Java Modules/GetFilesForContentDelivery.javamodule and modelUrn=urn:ajwf:com.emc.xcp.artifact.javamodule.category:Artifacts/Java Modules/GetFilesForContentDelivery.javamodule.  Resetting modelUrn
[WARNING] Widget results_list: Property "Hide Context Menu when" is empty.
[WARNING] resetModelAttributes urn=urn:ecm:com.emc.xcp.artifact.javamodule.category:Artifacts/Java Modules/esm.javamodule and modelUrn=urn:ajwf:com.emc.xcp.artifact.javamodule.category:Artifacts/Java Modules/esm.javamodule.  Resetting modelUrn
[WARNING] resetModelAttributes urn=urn:ecm:com.emc.xcp.artifact.javamodule.category:Artifacts/Java Modules/esm.javamodule and modelUrn=urn:ajwf:com.emc.xcp.artifact.javamodule.category:Artifacts/Java Modules/esm.javamodule.  Resetting modelUrn
[WARNING] resetModelAttributes urn=urn:ecm:com.emc.xcp.artifact.javamodule.category:Artifacts/Java Modules/GetFilesForContentDelivery.javamodule and modelUrn=urn:ajwf:com.emc.xcp.artifact.javamodule.category:Artifacts/Java Modules/GetFilesForContentDelivery.javamodule.  Resetting modelUrn
[WARNING] resetModelAttributes urn=urn:ecm:com.emc.xcp.artifact.javamodule.category:Artifacts/Java Modules/GetFilesForContentDelivery.javamodule and modelUrn=urn:ajwf:com.emc.xcp.artifact.javamodule.category:Artifacts/Java Modules/GetFilesForContentDelivery.javamodule.  Resetting modelUrn
[WARNING] Widget policies: Property "Hide Context Menu when" is empty.
[WARNING] Widget policy: Property "Fragment Expression" is empty.
[WARNING] Widget policy: Property "Fragment Data Inputs" is empty.
[WARNING] Widget policy: Property "Fragment Data Outputs" is empty.
[WARNING] Widget results_list: Property "Hide Context Menu when" is empty.
[INFO] Data Service instance 'Default Create Folder Action Flow' in ActionInstanceContainer 'Context Menu' is without invocation object
[INFO] Data Service instance 'Default Import Action Flow' in ActionInstanceContainer 'Context Menu' is without invocation object
[INFO] Data Service instance 'Delete Base Folder' in ActionInstanceContainer 'Context Menu' is without invocation object
[INFO] Data Service instance 'Default Create Document Action Flow' in ActionInstanceContainer 'Context Menu' is without invocation object
[INFO] Data Service instance 'Default Import New Version Action Flow' in ActionInstanceContainer 'Context Menu' is without invocation object
[INFO] Data Service instance 'Delete Base Content' in ActionInstanceContainer 'Context Menu' is without invocation object
[WARNING] resetModelAttributes urn=urn:ecm:com.emc.xcp.artifact.javamodule.category:Artifacts/Java Modules/GetFilesForContentDelivery.javamodule and modelUrn=urn:ajwf:com.emc.xcp.artifact.javamodule.category:Artifacts/Java Modules/GetFilesForContentDelivery.javamodule.  Resetting modelUrn
[WARNING] resetModelAttributes urn=urn:ecm:com.emc.xcp.artifact.javamodule.category:Artifacts/Java Modules/GetFilesForContentDelivery.javamodule and modelUrn=urn:ajwf:com.emc.xcp.artifact.javamodule.category:Artifacts/Java Modules/GetFilesForContentDelivery.javamodule.  Resetting modelUrn
[WARNING] resetModelAttributes urn=urn:ecm:com.emc.xcp.artifact.javamodule.category:Artifacts/Java Modules/esm.javamodule and modelUrn=urn:ajwf:com.emc.xcp.artifact.javamodule.category:Artifacts/Java Modules/esm.javamodule.  Resetting modelUrn
[INFO] Finished validating Artifact data models in project 'Insurance' in....273ms
[INFO] 
[INFO] --- build-helper-maven-plugin:1.7:add-source (add-source) @ Insurance ---
[INFO] Source directory: D:\software\xCPDesigner_win32_2.1\xCPDesigner\Applications\Insurance\Insurance\gen\main\java added.
[INFO] 
[INFO] --- xcp-generate-sources:1.0.9:run (xcp-generate-sources) @ Insurance ---
[INFO] Generating DML artifacts for Application Project, type=IXCPApplicationProject
[INFO] Finished executing project generators in....32ms
[WARNING] resetModelAttributes urn=urn:ecm:com.emc.xcp.artifact.javamodule.category:Artifacts/Java Modules/esm.javamodule and modelUrn=urn:ajwf:com.emc.xcp.artifact.javamodule.category:Artifacts/Java Modules/esm.javamodule.  Resetting modelUrn
[WARNING] resetModelAttributes urn=urn:ecm:com.emc.xcp.artifact.javamodule.category:Artifacts/Java Modules/GetFilesForContentDelivery.javamodule and modelUrn=urn:ajwf:com.emc.xcp.artifact.javamodule.category:Artifacts/Java Modules/GetFilesForContentDelivery.javamodule.  Resetting modelUrn
[WARNING] Duplicated localisation key found: _UI_Default_Import_New_Version_Action_Flow_Default_Import_New_Version_Action_Flow_label
[WARNING] Duplicated localisation key found: _UI_Default_Create_Folder_Action_Flow_Default_Create_Folder_Action_Flow_label
[WARNING] Duplicated localisation key found: _UI_Default_Import_Action_Flow_Default_Import_Action_Flow_label
[WARNING] Duplicated localisation key found: _UI_Default_Create_Document_Action_Flow_Default_Create_Document_Action_Flow_label
[WARNING] Duplicated localisation key found: _UI_PickList_xcp_versionList_0
[WARNING] Duplicated localisation key found: _UI_PickList_xcp_versionList_1
[WARNING] Duplicated localisation key found: _UI_PickList_xcp_versionList_2
[WARNING] Duplicated localisation key found: _UI_PickList_xcp_versionList_3
[WARNING] resetModelAttributes urn=urn:ecm:com.emc.xcp.artifact.javamodule.category:Artifacts/Java Modules/esm.javamodule and modelUrn=urn:ajwf:com.emc.xcp.artifact.javamodule.category:Artifacts/Java Modules/esm.javamodule.  Resetting modelUrn
[WARNING] resetModelAttributes urn=urn:ecm:com.emc.xcp.artifact.javamodule.category:Artifacts/Java Modules/GetFilesForContentDelivery.javamodule and modelUrn=urn:ajwf:com.emc.xcp.artifact.javamodule.category:Artifacts/Java Modules/GetFilesForContentDelivery.javamodule.  Resetting modelUrn
[WARNING] resetModelAttributes urn=urn:ecm:com.emc.xcp.artifact.javamodule.category:Artifacts/Java Modules/esm.javamodule and modelUrn=urn:ajwf:com.emc.xcp.artifact.javamodule.category:Artifacts/Java Modules/esm.javamodule.  Resetting modelUrn
[WARNING] resetModelAttributes urn=urn:ecm:com.emc.xcp.artifact.javamodule.category:Artifacts/Java Modules/GetFilesForContentDelivery.javamodule and modelUrn=urn:ajwf:com.emc.xcp.artifact.javamodule.category:Artifacts/Java Modules/GetFilesForContentDelivery.javamodule.  Resetting modelUrn
[WARNING] resetModelAttributes urn=urn:ecm:com.emc.xcp.artifact.javamodule.category:Artifacts/Java Modules/esm.javamodule and modelUrn=urn:ajwf:com.emc.xcp.artifact.javamodule.category:Artifacts/Java Modules/esm.javamodule.  Resetting modelUrn
[WARNING] resetModelAttributes urn=urn:ecm:com.emc.xcp.artifact.javamodule.category:Artifacts/Java Modules/GetFilesForContentDelivery.javamodule and modelUrn=urn:ajwf:com.emc.xcp.artifact.javamodule.category:Artifacts/Java Modules/GetFilesForContentDelivery.javamodule.  Resetting modelUrn
[WARNING] resetModelAttributes urn=urn:ecm:com.emc.xcp.artifact.javamodule.category:Artifacts/Java Modules/esm.javamodule and modelUrn=urn:ajwf:com.emc.xcp.artifact.javamodule.category:Artifacts/Java Modules/esm.javamodule.  Resetting modelUrn
[WARNING] resetModelAttributes urn=urn:ecm:com.emc.xcp.artifact.javamodule.category:Artifacts/Java Modules/GetFilesForContentDelivery.javamodule and modelUrn=urn:ajwf:com.emc.xcp.artifact.javamodule.category:Artifacts/Java Modules/GetFilesForContentDelivery.javamodule.  Resetting modelUrn
[WARNING] resetModelAttributes urn=urn:ecm:com.emc.xcp.artifact.javamodule.category:Artifacts/Java Modules/esm.javamodule and modelUrn=urn:ajwf:com.emc.xcp.artifact.javamodule.category:Artifacts/Java Modules/esm.javamodule.  Resetting modelUrn
[WARNING] resetModelAttributes urn=urn:ecm:com.emc.xcp.artifact.javamodule.category:Artifacts/Java Modules/GetFilesForContentDelivery.javamodule and modelUrn=urn:ajwf:com.emc.xcp.artifact.javamodule.category:Artifacts/Java Modules/GetFilesForContentDelivery.javamodule.  Resetting modelUrn
[WARNING] resetModelAttributes urn=urn:ecm:com.emc.xcp.artifact.javamodule.category:Artifacts/Java Modules/esm.javamodule and modelUrn=urn:ajwf:com.emc.xcp.artifact.javamodule.category:Artifacts/Java Modules/esm.javamodule.  Resetting modelUrn
[WARNING] resetModelAttributes urn=urn:ecm:com.emc.xcp.artifact.javamodule.category:Artifacts/Java Modules/GetFilesForContentDelivery.javamodule and modelUrn=urn:ajwf:com.emc.xcp.artifact.javamodule.category:Artifacts/Java Modules/GetFilesForContentDelivery.javamodule.  Resetting modelUrn
[WARNING] resetModelAttributes urn=urn:ecm:com.emc.xcp.artifact.javamodule.category:Artifacts/Java Modules/esm.javamodule and modelUrn=urn:ajwf:com.emc.xcp.artifact.javamodule.category:Artifacts/Java Modules/esm.javamodule.  Resetting modelUrn
[WARNING] resetModelAttributes urn=urn:ecm:com.emc.xcp.artifact.javamodule.category:Artifacts/Java Modules/GetFilesForContentDelivery.javamodule and modelUrn=urn:ajwf:com.emc.xcp.artifact.javamodule.category:Artifacts/Java Modules/GetFilesForContentDelivery.javamodule.  Resetting modelUrn
[WARNING] resetModelAttributes urn=urn:ecm:com.emc.xcp.artifact.javamodule.category:Artifacts/Java Modules/esm.javamodule and modelUrn=urn:ajwf:com.emc.xcp.artifact.javamodule.category:Artifacts/Java Modules/esm.javamodule.  Resetting modelUrn
[WARNING] resetModelAttributes urn=urn:ecm:com.emc.xcp.artifact.javamodule.category:Artifacts/Java Modules/GetFilesForContentDelivery.javamodule and modelUrn=urn:ajwf:com.emc.xcp.artifact.javamodule.category:Artifacts/Java Modules/GetFilesForContentDelivery.javamodule.  Resetting modelUrn
[WARNING] resetModelAttributes urn=urn:ecm:com.emc.xcp.artifact.javamodule.category:Artifacts/Java Modules/esm.javamodule and modelUrn=urn:ajwf:com.emc.xcp.artifact.javamodule.category:Artifacts/Java Modules/esm.javamodule.  Resetting modelUrn
[WARNING] resetModelAttributes urn=urn:ecm:com.emc.xcp.artifact.javamodule.category:Artifacts/Java Modules/GetFilesForContentDelivery.javamodule and modelUrn=urn:ajwf:com.emc.xcp.artifact.javamodule.category:Artifacts/Java Modules/GetFilesForContentDelivery.javamodule.  Resetting modelUrn
[WARNING] resetModelAttributes urn=urn:ecm:com.emc.xcp.artifact.javamodule.category:Artifacts/Java Modules/esm.javamodule and modelUrn=urn:ajwf:com.emc.xcp.artifact.javamodule.category:Artifacts/Java Modules/esm.javamodule.  Resetting modelUrn
[WARNING] resetModelAttributes urn=urn:ecm:com.emc.xcp.artifact.javamodule.category:Artifacts/Java Modules/GetFilesForContentDelivery.javamodule and modelUrn=urn:ajwf:com.emc.xcp.artifact.javamodule.category:Artifacts/Java Modules/GetFilesForContentDelivery.javamodule.  Resetting modelUrn
[INFO] Finished executing artifact generators in....5075ms
[INFO] Finished generating code for project 'Insurance' in 5109ms
[INFO] 
[INFO] --- build-helper-maven-plugin:1.7:add-resource (add-resource) @ Insurance ---
[INFO] 
[INFO] --- maven-resources-plugin:2.5:resources (default-resources) @ Insurance ---
[debug] execute contextualize
[WARNING] Using platform encoding (UTF8 actually) to copy filtered resources, i.e. build is platform dependent!
[INFO] Copying 8 resources
[INFO] Copying 90 resources
[INFO] 
[INFO] --- maven-compiler-plugin:2.3.2:compile (default-compile) @ Insurance ---
[INFO] Nothing to compile - all classes are up to date
[INFO] 
[INFO] --- maven-resources-plugin:2.5:testResources (default-testResources) @ Insurance ---
[debug] execute contextualize
[WARNING] Using platform encoding (UTF8 actually) to copy filtered resources, i.e. build is platform dependent!
[INFO] skip non existing resourceDirectory D:\software\xCPDesigner_win32_2.1\xCPDesigner\Applications\Insurance\Insurance\src\test\resources
[INFO] 
[INFO] --- maven-compiler-plugin:2.3.2:testCompile (default-testCompile) @ Insurance ---
[INFO] No sources to compile
[INFO] 
[INFO] --- maven-surefire-plugin:2.10:test (default-test) @ Insurance ---
[INFO] No tests to run.
[INFO] Surefire report directory: D:\software\xCPDesigner_win32_2.1\xCPDesigner\Applications\Insurance\Insurance\target\surefire-reports

-------------------------------------------------------
 T E S T S
-------------------------------------------------------

Results :

Tests run: 0, Failures: 0, Errors: 0, Skipped: 0

[INFO] 
[INFO] --- maven-antrun-plugin:1.3:run (copy-resources-for-m2e-webby) @ Insurance ---
[INFO] Executing tasks
[INFO] Executed tasks
[INFO] 
[INFO] --- xcp-dar:1.0.11:run (xcp-dar) @ Insurance ---
[INFO] 
[INFO] Started packaging local library dependencies for application project '[XCPProject: Insurance]'
[INFO] Packaged local library dependencies for project 'Insurance' in 5ms
[INFO] 
[WARNING] resetModelAttributes urn=urn:ecm:com.emc.xcp.artifact.javamodule.category:Artifacts/Java Modules/esm.javamodule and modelUrn=urn:ajwf:com.emc.xcp.artifact.javamodule.category:Artifacts/Java Modules/esm.javamodule.  Resetting modelUrn
[WARNING] resetModelAttributes urn=urn:ecm:com.emc.xcp.artifact.javamodule.category:Artifacts/Java Modules/esm.javamodule and modelUrn=urn:ajwf:com.emc.xcp.artifact.javamodule.category:Artifacts/Java Modules/esm.javamodule.  Resetting modelUrn
[WARNING] resetModelAttributes urn=urn:ecm:com.emc.xcp.artifact.javamodule.category:Artifacts/Java Modules/GetFilesForContentDelivery.javamodule and modelUrn=urn:ajwf:com.emc.xcp.artifact.javamodule.category:Artifacts/Java Modules/GetFilesForContentDelivery.javamodule.  Resetting modelUrn
[WARNING] resetModelAttributes urn=urn:ecm:com.emc.xcp.artifact.javamodule.category:Artifacts/Java Modules/GetFilesForContentDelivery.javamodule and modelUrn=urn:ajwf:com.emc.xcp.artifact.javamodule.category:Artifacts/Java Modules/GetFilesForContentDelivery.javamodule.  Resetting modelUrn
[INFO] 
[INFO] --- maven-war-plugin:2.1.1:war (default-war) @ Insurance ---
[INFO] Packaging webapp
[INFO] Assembling webapp [Insurance] in [D:\software\xCPDesigner_win32_2.1\xCPDesigner\Applications\Insurance\Insurance\target\ecm-Insurance-1.0.0]
[INFO] Processing war project
[INFO] Copying webapp webResources [D:\software\xCPDesigner_win32_2.1\xCPDesigner\Applications\Insurance\Insurance\Artifacts] to [D:\software\xCPDesigner_win32_2.1\xCPDesigner\Applications\Insurance\Insurance\target\ecm-Insurance-1.0.0]
[INFO] Copying webapp webResources [D:\software\xCPDesigner_win32_2.1\xCPDesigner\Applications\Insurance\Insurance\content] to [D:\software\xCPDesigner_win32_2.1\xCPDesigner\Applications\Insurance\Insurance\target\ecm-Insurance-1.0.0]
[INFO] Copying webapp webResources [D:\software\xCPDesigner_win32_2.1\xCPDesigner\Applications\Insurance\Insurance\lib] to [D:\software\xCPDesigner_win32_2.1\xCPDesigner\Applications\Insurance\Insurance\target\ecm-Insurance-1.0.0]
[INFO] Copying webapp webResources [D:\software\xCPDesigner_win32_2.1\xCPDesigner\Applications\Insurance\Insurance\gen/main/webapp] to [D:\software\xCPDesigner_win32_2.1\xCPDesigner\Applications\Insurance\Insurance\target\ecm-Insurance-1.0.0]
[INFO] Copying webapp webResources [D:\software\xCPDesigner_win32_2.1\xCPDesigner\Applications\Insurance\Insurance\.] to [D:\software\xCPDesigner_win32_2.1\xCPDesigner\Applications\Insurance\Insurance\target\ecm-Insurance-1.0.0]
[INFO] Copying webapp resources [D:\software\xCPDesigner_win32_2.1\xCPDesigner\Applications\Insurance\Insurance\src\main\webapp]
[INFO] Webapp assembled in [13117 msecs]
[INFO] Building war: D:\software\xCPDesigner_win32_2.1\xCPDesigner\Applications\Insurance\Insurance\target\ecm-Insurance-1.0.0.war
[WARNING] Warning: selected war files include a WEB-INF/web.xml which will be ignored 
(webxml attribute is missing from war task, or ignoreWebxml attribute is specified as 'true')
[INFO] 
[INFO] --- maven-install-plugin:2.3.1:install (default-install) @ Insurance ---
[INFO] Installing D:\software\xCPDesigner_win32_2.1\xCPDesigner\Applications\Insurance\Insurance\target\ecm-Insurance-1.0.0.war to C:\Users\ajn3106\.m2\repository\ecm\Insurance\1.0.0\Insurance-1.0.0.war
[INFO] Installing D:\software\xCPDesigner_win32_2.1\xCPDesigner\Applications\Insurance\Insurance\pom.xml to C:\Users\ajn3106\.m2\repository\ecm\Insurance\1.0.0\Insurance-1.0.0.pom
[INFO] 
[INFO] --- maven-deploy-plugin:2.5:deploy (default-deploy) @ Insurance ---
[INFO] Skipping artifact deployment
[INFO] 
[INFO] --- xcp-deploy:1.0.11:run (xcp-deploy) @ Insurance ---
[INFO] config file selected =/configuration/development-214856208_config.xml
[INFO] Setting xms server host to 192.168.56.150
[INFO] Setting xms server port to 7070
[INFO] Setting xms server username to admin
[INFO] Setting xms server password to a non-null value
[INFO] Invoked xms client to deploy app
[INFO] Deploying application - app deploy command start
[INFO] Application Name = Insurance
[INFO] Application Package Location = /u01/flxdr/tcserver/vfabric-tc-server-developer-2.9.5.SR1/xmsServer/temp/work/e844d2e7-704a-46cd-9c2a-29a610d111cd/payload_50284c30-8d14-4fdd-bd83-8627f542ac76_unzipped/9cb186df-4134-4ff3-9ca8-08ab2b09616c
[INFO] Deploy Method = INCREMENTAL
[INFO] Data Policy = MAINTAIN
[INFO] Deploy Env = DEV
[INFO] Environment = xCP-2.1-Developer-Environment-Template-fl
[INFO] Validate only  = false
[INFO] Xplore Indexing  = true
[INFO] Started SearchDeployer 'Validate'
[INFO] Started executing Repository deployment validation
[INFO] xPlore connection details: host = '192.168.56.150' port = '9300' password = '*****' domain = 'flxdbase'
[INFO] Starting preinstall validation for artifacts in :xcpcore
[INFO] Starting preinstall validation for artifacts in :xcpcommons
[INFO] Starting preinstall validation for artifacts in :Insurance
[INFO] Starting preinstall validation for artifacts in :xcpui
[INFO] Finished preinstall validation for artifacts in :xcpcommons
[INFO] Preinstall validation forxcpcommons completed in 2 secs
[INFO] Finished preinstall validation for artifacts in :xcpcore
[INFO] Finished preinstall validation for artifacts in :xcpui
[INFO] Finished preinstall validation for artifacts in :Insurance
[INFO] Index Agent connection details: host = '192.168.56.150' port = '9200' user = 'flxd' password = '*****' server name = 'IndexAgent' docbase = 'flxdbase' instance Name = '192.168.56.150_9200_IndexAgent'
[INFO] Preinstall validation forInsurance completed in 2 secs
[INFO] Preinstall validation forxcpui completed in 2 secs
[INFO] Preinstall validation forxcpcore completed in 2 secs
[INFO] Finished executing Repository deployment validation
[INFO] Repository deployer validation time = 2 secs
[INFO] No index definition is required for this application.
[INFO] No need to update the index definition on xPlore (all subpaths are already defined)
[INFO] No actions are required on xPlore for the application.
[INFO] Finished executing SearchDeployer 'Validate' (Execution time = 5 secs)
[INFO] Running pre deploy phase
[INFO] Started SearchDeployer 'PreDeploy'
[INFO] No actions needed during xPlore PreDeploy
[INFO] Finished executing SearchDeployer 'PreDeploy' (Execution time = 0 secs)
[INFO] Finished Running pre deploy phase in....0secs
[INFO] Started executing Repository deployment
[INFO] Deploying through WAR deployer factory
[INFO] The tcserver manager URL is http://192.168.56.150:8000/manager/text
[INFO] The ecm-Insurance-1.0.0.war is deploying.
[INFO] Connecting to:http://192.168.56.150:8000/manager/text/deploy
[INFO] Connection to:http://192.168.56.150:8000/manager/text/deploy was true
[INFO] Started executing Artifact 'Policy' post install action
[INFO] Artifact 'Policy' post install action executed...Success
[INFO] Deleting object 'dmc_module:0b01e2408013894c'.
[INFO] Deleted object 'dmc_module:0b01e2408013894c'.
[INFO] Deleting object 'dmc_jar:0901e24080138959'.
[INFO] Deleted object 'dmc_jar:0901e24080138959'.
[INFO] Deleting object 'dmc_module:0b01e24080138513'.
[INFO] Deleted object 'dmc_module:0b01e24080138513'.
[INFO] Notifying Method Server to Invalidate cache
[INFO] Executing request http://flxd:9080/bpm/servlet/InvalidateCache
[INFO] Response status code: 200
[INFO] Response reason: OK
[INFO] Method Server successfully invalidated cache on http://flxd:9080/bpm/servlet/InvalidateCache
[INFO] Finished executing Repository deployment
[INFO] Repository recipe execution time = '10 secs
[INFO] Started SearchDeployer 'Deploy'
[INFO] Started executing BAM deployment
[INFO] No index definition update is needed on xPlore
[INFO] Extracted context root from BAM server url :/bam-server
[INFO] xPlore Async Indexing: true
[INFO] BAM URL = http://192.168.56.150:8000//bam-server/admin?datapolicy=MAINTAIN&deploymentmethod=INCREMENTAL&deploymentenvironment=DEV&namespace=xcpcomm
[INFO] executing request http://192.168.56.150:8000//bam-server/admin?datapolicy=MAINTAIN&deploymentmethod=INCREMENTAL&deploymentenvironment=DEV&namespace=xcpcomm
[INFO] No index rebuild required.
[INFO] No refeed is required.
[INFO] Finished executing SearchDeployer 'Deploy' (Execution time = 5 secs)
[INFO] Response HTTP Status code: 200
[INFO] BAM deployment successful
[INFO] Extracted context root from BAM server url :/bam-server
[INFO] BAM URL = http://192.168.56.150:8000//bam-server/admin?datapolicy=MAINTAIN&deploymentmethod=INCREMENTAL&deploymentenvironment=DEV&namespace=xcpui
[INFO] executing request http://192.168.56.150:8000//bam-server/admin?datapolicy=MAINTAIN&deploymentmethod=INCREMENTAL&deploymentenvironment=DEV&namespace=xcpui
[INFO] Response HTTP Status code: 200
[INFO] BAM deployment successful
[INFO] Extracted context root from BAM server url :/bam-server
[INFO] BAM URL = http://192.168.56.150:8000//bam-server/admin?datapolicy=MAINTAIN&deploymentmethod=INCREMENTAL&deploymentenvironment=DEV&namespace=ecm
[INFO] executing request http://192.168.56.150:8000//bam-server/admin?datapolicy=MAINTAIN&deploymentmethod=INCREMENTAL&deploymentenvironment=DEV&namespace=ecm
[INFO] Response HTTP Status code: 200
[INFO] BAM deployment successful
[INFO] Finished BAM deployment
[INFO] Bam deployer  execution time = 22 secs
[INFO] The ecm-Insurance-1.0.0.war has deployed.
[INFO] WAR deployer execution time = 57 secs
[INFO] No actions needed during xPlore upgradeData
[INFO] Application URL: http://192.168.56.150:8000/Insurance
[INFO] Started SearchDeployer 'PostDeploy'
[INFO] No actions needed during xPlore PostDeploy
[INFO] Finished executing SearchDeployer 'PostDeploy' (Execution time = 0 secs)
[INFO] AppDeploymentManager deployedin....77secs
[INFO] Registering deployed application into catalog: environment: xCP-2.1-Developer-Environment-Template-fl, name = Insurance, namespace = ecm, version = 1.0.0
[INFO] Deploying application was successful
[INFO] CommandRequest ID is com.emc.xms.execution.CommandRequest@411c2e26
[INFO] Command execution process has finished.
[INFO] xms client finished running app deployment
[INFO] Project 'Insurance' deployed
[INFO] Finished deploying project 'Insurance' in 138secs
[INFO] ------------------------------------------------------------------------
[INFO] BUILD SUCCESS
[INFO] ------------------------------------------------------------------------
[INFO] Total time: 3:00.828s
[INFO] Finished at: Mon Apr 18 14:45:58 IST 2016
[INFO] Final Memory: 9M/23M
[INFO] ------------------------------------------------------------------------
